C51 COMPILER V9.00   MAIN                                                                  10/03/2018 16:53:35 PAGE 1   


C51 COMPILER V9.00, COMPILATION OF MODULE MAIN
OBJECT MODULE PLACED IN main.OBJ
COMPILER INVOKED BY: C:\Keil\C51\BIN\C51.EXE main.c BROWSE DEBUG OBJECTEXTEND

line level    source

   1          #define LEDS 6
   2          #include "reg51.h"
   3          
   4          unsigned char code Select[] = {0x01,0x02,0x04,0x08,0x10,0x20};
   5          
   6          unsigned char code LED_CODES[] = {
   7            0xc0,0xf9,0xa4,0xb0,0x99,//0-4
   8            0x92,0x82,0xf8,0x80,0x90,//5-9
   9            0x88,0x83,0xc6,0xa1,0x86,//a,b,c,d,e
  10            0x8e,0xff,0x0c,0x89,0x7f,0xbf//f,space,p,h,.,-
  11          };
  12          
  13          void main()
  14          {
  15   1              char i = 0;
  16   1              long int j;
  17   1              while(1)
  18   1              {
  19   2                      P2 = 0;
  20   2                      P1 = LED_CODES[i];
  21   2                      P2 = Select[i];
  22   2                      for(j = 3000; j > 0; j-- );
  23   2                      i++;
  24   2                      if(i > 5)
  25   2                      {
  26   3                              i = 0;
  27   3                      }
  28   2              }
  29   1      }


MODULE INFORMATION:   STATIC OVERLAYABLE
   CODE SIZE        =    113    ----
   CONSTANT SIZE    =     27    ----
   XDATA SIZE       =   ----    ----
   PDATA SIZE       =   ----    ----
   DATA SIZE        =   ----       5
   IDATA SIZE       =   ----    ----
   BIT SIZE         =   ----    ----
END OF MODULE INFORMATION.


C51 COMPILATION COMPLETE.  0 WARNING(S),  0 ERROR(S)
